1624551880320	geckodriver	INFO	Listening on 127.0.0.1:39693
1624551880326	mozrunner::runner	INFO	Running command: "/usr/bin/firefox" "--marionette" "-foreground" "-no-remote" "-profile" "/tmp/rust_mozprofiletnhR4e"
1624551881321	Marionette	INFO	Marionette enabled
console.warn: SearchSettings: "get: No settings file exists, new profile?" (new NotFoundError("Could not open the file at /tmp/rust_mozprofiletnhR4e/search.json.mozlz4", (void 0)))
1624551882990	Marionette	INFO	Listening on port 38529
1624551883051	Marionette	WARN	TLS certificate errors will be ignored for this session
1624551884808	Marionette	INFO	Stopped listening on port 38529

###!!! [Parent][RunMessage] Error: Channel closing: too late to send/recv, messages will be lost

1624551897181	geckodriver	INFO	Listening on 127.0.0.1:33549
1624551897185	mozrunner::runner	INFO	Running command: "/usr/bin/firefox" "--marionette" "-foreground" "-no-remote" "-profile" "/tmp/rust_mozprofileAhvoer"
1624551897694	Marionette	INFO	Marionette enabled
console.warn: SearchSettings: "get: No settings file exists, new profile?" (new NotFoundError("Could not open the file at /tmp/rust_mozprofileAhvoer/search.json.mozlz4", (void 0)))
1624551899119	Marionette	INFO	Listening on port 33355
1624551899204	Marionette	WARN	TLS certificate errors will be ignored for this session
1624551900879	Marionette	INFO	Stopped listening on port 33355

###!!! [Parent][RunMessage] Error: Channel closing: too late to send/recv, messages will be lost

1624551972879	geckodriver	INFO	Listening on 127.0.0.1:56091
1624551972887	mozrunner::runner	INFO	Running command: "/usr/bin/firefox" "--marionette" "-foreground" "-no-remote" "-profile" "/tmp/rust_mozprofilea9Lv77"
1624551973375	Marionette	INFO	Marionette enabled
console.warn: SearchSettings: "get: No settings file exists, new profile?" (new NotFoundError("Could not open the file at /tmp/rust_mozprofilea9Lv77/search.json.mozlz4", (void 0)))
1624551974745	Marionette	INFO	Listening on port 40859
1624551974804	Marionette	WARN	TLS certificate errors will be ignored for this session
1624552016364	Marionette	INFO	Stopped listening on port 40859

###!!! [Parent][RunMessage] Error: Channel closing: too late to send/recv, messages will be lost

1624552032085	geckodriver	INFO	Listening on 127.0.0.1:45283
1624552032089	mozrunner::runner	INFO	Running command: "/usr/bin/firefox" "--marionette" "-foreground" "-no-remote" "-profile" "/tmp/rust_mozprofile7MJNdw"
1624552032579	Marionette	INFO	Marionette enabled
console.warn: SearchSettings: "get: No settings file exists, new profile?" (new NotFoundError("Could not open the file at /tmp/rust_mozprofile7MJNdw/search.json.mozlz4", (void 0)))
1624552033971	Marionette	INFO	Listening on port 34891
1624552034008	Marionette	WARN	TLS certificate errors will be ignored for this session
1624552068196	Marionette	INFO	Stopped listening on port 34891

###!!! [Parent][RunMessage] Error: Channel closing: too late to send/recv, messages will be lost

1624602713750	geckodriver	INFO	Listening on 127.0.0.1:42671
1624602713754	mozrunner::runner	INFO	Running command: "/usr/bin/firefox" "--marionette" "-foreground" "-no-remote" "-profile" "/tmp/rust_mozprofileqcnRAF"
1624602714253	Marionette	INFO	Marionette enabled
console.warn: SearchSettings: "get: No settings file exists, new profile?" (new NotFoundError("Could not open the file at /tmp/rust_mozprofileqcnRAF/search.json.mozlz4", (void 0)))
1624602715566	Marionette	INFO	Listening on port 40071
1624602715671	Marionette	WARN	TLS certificate errors will be ignored for this session
1624602734351	Marionette	INFO	Stopped listening on port 40071

###!!! [Parent][RunMessage] Error: Channel closing: too late to send/recv, messages will be lost

1624602803773	geckodriver	INFO	Listening on 127.0.0.1:38965
1624602803776	mozrunner::runner	INFO	Running command: "/usr/bin/firefox" "--marionette" "-foreground" "-no-remote" "-profile" "/tmp/rust_mozprofile9O2WKl"
1624602804262	Marionette	INFO	Marionette enabled
console.warn: SearchSettings: "get: No settings file exists, new profile?" (new NotFoundError("Could not open the file at /tmp/rust_mozprofile9O2WKl/search.json.mozlz4", (void 0)))
1624602805562	Marionette	INFO	Listening on port 33191
1624602805594	Marionette	WARN	TLS certificate errors will be ignored for this session
JavaScript error: resource://gre/actors/AutoCompleteChild.jsm, line 125: Error: Invalid autocomplete selectedIndex
1624602818158	Marionette	INFO	Stopped listening on port 33191

###!!! [Parent][RunMessage] Error: Channel closing: too late to send/recv, messages will be lost

1624602869437	geckodriver	INFO	Listening on 127.0.0.1:43023
1624602869441	mozrunner::runner	INFO	Running command: "/usr/bin/firefox" "--marionette" "-foreground" "-no-remote" "-profile" "/tmp/rust_mozprofileGYsjVx"
1624602869956	Marionette	INFO	Marionette enabled
console.warn: SearchSettings: "get: No settings file exists, new profile?" (new NotFoundError("Could not open the file at /tmp/rust_mozprofileGYsjVx/search.json.mozlz4", (void 0)))
1624602871240	Marionette	INFO	Listening on port 42105
1624602871260	Marionette	WARN	TLS certificate errors will be ignored for this session
JavaScript error: resource://gre/actors/AutoCompleteChild.jsm, line 125: Error: Invalid autocomplete selectedIndex
1624602900508	Marionette	INFO	Stopped listening on port 42105

###!!! [Parent][RunMessage] Error: Channel closing: too late to send/recv, messages will be lost

1624602930706	geckodriver	INFO	Listening on 127.0.0.1:43391
1624602930709	mozrunner::runner	INFO	Running command: "/usr/bin/firefox" "--marionette" "-foreground" "-no-remote" "-profile" "/tmp/rust_mozprofileRppSLj"
1624602931214	Marionette	INFO	Marionette enabled
console.warn: SearchSettings: "get: No settings file exists, new profile?" (new NotFoundError("Could not open the file at /tmp/rust_mozprofileRppSLj/search.json.mozlz4", (void 0)))
1624602932483	Marionette	INFO	Listening on port 43911
1624602932546	Marionette	WARN	TLS certificate errors will be ignored for this session
1624602990179	Marionette	INFO	Stopped listening on port 43911

###!!! [Parent][RunMessage] Error: Channel closing: too late to send/recv, messages will be lost

1624603006484	geckodriver	INFO	Listening on 127.0.0.1:45167
1624603006488	mozrunner::runner	INFO	Running command: "/usr/bin/firefox" "--marionette" "-foreground" "-no-remote" "-profile" "/tmp/rust_mozprofilevWX9Jd"
1624603006966	Marionette	INFO	Marionette enabled
console.warn: SearchSettings: "get: No settings file exists, new profile?" (new NotFoundError("Could not open the file at /tmp/rust_mozprofilevWX9Jd/search.json.mozlz4", (void 0)))
1624603008292	Marionette	INFO	Listening on port 37593
1624603008435	Marionette	WARN	TLS certificate errors will be ignored for this session
1624603102549	Marionette	INFO	Stopped listening on port 37593

###!!! [Parent][RunMessage] Error: Channel closing: too late to send/recv, messages will be lost

1624603300114	geckodriver	INFO	Listening on 127.0.0.1:40815
1624603300118	mozrunner::runner	INFO	Running command: "/usr/bin/firefox" "--marionette" "-foreground" "-no-remote" "-profile" "/tmp/rust_mozprofileafotOY"
1624603300615	Marionette	INFO	Marionette enabled
console.warn: SearchSettings: "get: No settings file exists, new profile?" (new NotFoundError("Could not open the file at /tmp/rust_mozprofileafotOY/search.json.mozlz4", (void 0)))
1624603301802	Marionette	INFO	Listening on port 36507
1624603301864	Marionette	WARN	TLS certificate errors will be ignored for this session
console.log: WebExtensions: reset-default-search: starting.
console.log: WebExtensions: reset-default-search: No addons in our list are installed.
1624606917018	Marionette	INFO	Stopped listening on port 36507
1624708813282	geckodriver	INFO	Listening on 127.0.0.1:36533
1624708814290	mozrunner::runner	INFO	Running command: "/usr/bin/firefox" "--marionette" "-foreground" "-no-remote" "-profile" "/tmp/rust_mozprofilenGG667"
1624708815488	Marionette	INFO	Marionette enabled
console.warn: SearchSettings: "get: No settings file exists, new profile?" (new NotFoundError("Could not open the file at /tmp/rust_mozprofilenGG667/search.json.mozlz4", (void 0)))
1624708817335	Marionette	INFO	Listening on port 42935
1624708817418	Marionette	WARN	TLS certificate errors will be ignored for this session
console.log: WebExtensions: reset-default-search: starting.
console.log: WebExtensions: reset-default-search: No addons in our list are installed.
JavaScript error: https://sitesearch-suggest.yandex.ru/v1/suggest?&callback=jQuery1620018815124693945973_1624708819437&format=jsonp&search_id=2475786&lang=ru&usebigdictionary=1&text=%D0%BA%D0%B0%D0%BB%D0%B8%D0%BD%D0%BE%D0%B2+%D1%80%D0%BE%D0%B4%D0%BD%D0%B8%D0%BA&_=1624710620546, line 1: TypeError: jQuery1620018815124693945973_1624708819437 is not a function
JavaScript error: https://sitesearch-suggest.yandex.ru/v1/suggest?&callback=jQuery1620018815124693945973_1624708819432&format=jsonp&search_id=2475786&lang=ru&usebigdictionary=1&text=%D0%BA%D0%B0%D0%BB%D0%B8%D0%BD%D0%BE%D0%B2+%D1%80%D0%BE%D0%B4%D0%BD%D0%B8%D0%BA&_=1624710620543, line 1: TypeError: jQuery1620018815124693945973_1624708819432 is not a function
JavaScript error: https://sitesearch-suggest.yandex.ru/v1/suggest?&callback=jQuery1620018815124693945973_1624708819433&format=jsonp&search_id=2475786&lang=ru&usebigdictionary=1&text=%D0%BA%D0%B0%D0%BB%D0%B8%D0%BD%D0%BE%D0%B2+%D1%80%D0%BE%D0%B4%D0%BD%D0%B8%D0%BA&_=1624710620544, line 1: TypeError: jQuery1620018815124693945973_1624708819433 is not a function
JavaScript error: https://sitesearch-suggest.yandex.ru/v1/suggest?&callback=jQuery1620018815124693945973_1624708819438&format=jsonp&search_id=2475786&lang=ru&usebigdictionary=1&text=%D0%BA%D0%B0%D0%BB%D0%B8%D0%BD%D0%BE%D0%B2+%D1%80%D0%BE%D0%B4%D0%BD%D0%B8%D0%BA&_=1624710620548, line 1: TypeError: jQuery1620018815124693945973_1624708819438 is not a function
JavaScript error: https://sitesearch-suggest.yandex.ru/v1/suggest?&callback=jQuery1620018815124693945973_1624708819439&format=jsonp&search_id=2475786&lang=ru&usebigdictionary=1&text=%D0%BA%D0%B0%D0%BB%D0%B8%D0%BD%D0%BE%D0%B2+%D1%80%D0%BE%D0%B4%D0%BD%D0%B8%D0%BA&_=1624710620549, line 1: TypeError: jQuery1620018815124693945973_1624708819439 is not a function
JavaScript error: https://sitesearch-suggest.yandex.ru/v1/suggest?&callback=jQuery1620018815124693945973_1624708819440&format=jsonp&search_id=2475786&lang=ru&usebigdictionary=1&text=%D0%BA%D0%B0%D0%BB%D0%B8%D0%BD%D0%BE%D0%B2+%D1%80%D0%BE%D0%B4%D0%BD%D0%B8%D0%BA&_=1624710620549, line 1: TypeError: jQuery1620018815124693945973_1624708819440 is not a function
JavaScript error: https://sitesearch-suggest.yandex.ru/v1/suggest?&callback=jQuery1620018815124693945973_1624708819441&format=jsonp&search_id=2475786&lang=ru&usebigdictionary=1&text=%D0%BA%D0%B0%D0%BB%D0%B8%D0%BD%D0%BE%D0%B2+%D1%80%D0%BE%D0%B4%D0%BD%D0%B8%D0%BA&_=1624710620550, line 1: TypeError: jQuery1620018815124693945973_1624708819441 is not a function
1624711009693	Marionette	INFO	Stopped listening on port 42935

###!!! [Parent][RunMessage] Error: Channel closing: too late to send/recv, messages will be lost

1625127059970	geckodriver	INFO	Listening on 127.0.0.1:35015
1625127060984	mozrunner::runner	INFO	Running command: "/usr/bin/firefox" "--marionette" "-foreground" "-no-remote" "-profile" "/tmp/rust_mozprofileidOKeJ"
1625127062054	Marionette	INFO	Marionette enabled
console.warn: SearchSettings: "get: No settings file exists, new profile?" (new NotFoundError("Could not open the file at /tmp/rust_mozprofileidOKeJ/search.json.mozlz4", (void 0)))
1625127063514	Marionette	INFO	Listening on port 42513
1625127063643	Marionette	WARN	TLS certificate errors will be ignored for this session
1625127206495	geckodriver	INFO	Listening on 127.0.0.1:50027
1625127206505	mozrunner::runner	INFO	Running command: "/usr/bin/firefox" "--marionette" "-foreground" "-no-remote" "-profile" "/tmp/rust_mozprofile4BYeuW"
1625127207151	Marionette	INFO	Marionette enabled
console.warn: SearchSettings: "get: No settings file exists, new profile?" (new NotFoundError("Could not open the file at /tmp/rust_mozprofile4BYeuW/search.json.mozlz4", (void 0)))
1625127208776	Marionette	INFO	Listening on port 39097
1625127208833	Marionette	WARN	TLS certificate errors will be ignored for this session
JavaScript error: https://sitesearch-suggest.yandex.ru/v1/suggest?&callback=jQuery16208634023364411035_1625127211326&format=jsonp&search_id=2475786&lang=ru&usebigdictionary=1&text=%D0%BA%D0%B0%D0%BB%D0%B8%D0%BD%D0%BE%D0%B2+%D1%80%D0%BE%D0%B4%D0%BD%D0%B8%D0%BA&_=1625127211571, line 1: TypeError: jQuery16208634023364411035_1625127211326 is not a function
console.log: WebExtensions: reset-default-search: starting.
console.log: WebExtensions: reset-default-search: No addons in our list are installed.
console.log: WebExtensions: reset-default-search: starting.
console.log: WebExtensions: reset-default-search: No addons in our list are installed.
1625132937215	Marionette	INFO	Stopped listening on port 39097

###!!! [Parent][RunMessage] Error: Channel closing: too late to send/recv, messages will be lost

Gdk-Message: 13:26:41.274: /usr/lib/firefox/firefox: Fatal IO error 11 (Resource temporarily unavailable) on X server :0.

Gdk-Message: 13:26:41.274: /usr/lib/firefox/firefox: Fatal IO error 11 (Resource temporarily unavailable) on X server :0.

Gdk-Message: 13:26:41.275: firefox: Fatal IO error 11 (Resource temporarily unavailable) on X server :0.

Exiting due to channel error.
1625145446695	geckodriver	INFO	Listening on 127.0.0.1:52633
1625145447696	mozrunner::runner	INFO	Running command: "/usr/bin/firefox" "--marionette" "-foreground" "-no-remote" "-profile" "/tmp/rust_mozprofileHVyevh"
1625145448809	Marionette	INFO	Marionette enabled
console.warn: SearchSettings: "get: No settings file exists, new profile?" (new NotFoundError("Could not open the file at /tmp/rust_mozprofileHVyevh/search.json.mozlz4", (void 0)))
1625145450834	Marionette	INFO	Listening on port 36041
1625145450936	Marionette	WARN	TLS certificate errors will be ignored for this session
1625145500776	Marionette	INFO	Stopped listening on port 36041

###!!! [Parent][RunMessage] Error: Channel closing: too late to send/recv, messages will be lost

1625308563874	geckodriver	INFO	Listening on 127.0.0.1:37709
1625308564875	mozrunner::runner	INFO	Running command: "/usr/bin/firefox" "--marionette" "-foreground" "-no-remote" "-profile" "/tmp/rust_mozprofilerrb0wC"
1625308566043	Marionette	INFO	Marionette enabled
console.warn: SearchSettings: "get: No settings file exists, new profile?" (new NotFoundError("Could not open the file at /tmp/rust_mozprofilerrb0wC/search.json.mozlz4", (void 0)))
1625308567806	Marionette	INFO	Listening on port 42641
1625308567899	Marionette	WARN	TLS certificate errors will be ignored for this session
1625308587765	geckodriver	INFO	Listening on 127.0.0.1:42343
1625308588776	mozrunner::runner	INFO	Running command: "/usr/bin/firefox" "--marionette" "-foreground" "-no-remote" "-profile" "/tmp/rust_mozprofileb5ENP5"
1625308589327	Marionette	INFO	Marionette enabled
console.warn: SearchSettings: "get: No settings file exists, new profile?" (new NotFoundError("Could not open the file at /tmp/rust_mozprofileb5ENP5/search.json.mozlz4", (void 0)))
1625308590778	Marionette	INFO	Listening on port 46087
1625308590802	Marionette	WARN	TLS certificate errors will be ignored for this session
JavaScript error: https://sitesearch-suggest.yandex.ru/v1/suggest?&callback=jQuery1620015186407548397285_1625308603560&format=jsonp&search_id=2475786&lang=ru&usebigdictionary=1&text=%D0%BA%D0%B0%D0%BB%D0%B8%D0%BD%D0%BE%D0%B2+%D1%80%D0%BE%D0%B4%D0%BD%D0%B8%D0%BA&_=1625308605931, line 1: TypeError: jQuery1620015186407548397285_1625308603560 is not a function
JavaScript error: https://sitesearch-suggest.yandex.ru/v1/suggest?&callback=jQuery1620015186407548397285_1625308603561&format=jsonp&search_id=2475786&lang=ru&usebigdictionary=1&text=%D0%BA%D0%B0%D0%BB%D0%B8%D0%BD%D0%BE%D0%B2+%D1%80%D0%BE%D0%B4%D0%BD%D0%B8%D0%BA&_=1625308605939, line 1: TypeError: jQuery1620015186407548397285_1625308603561 is not a function
JavaScript error: https://sitesearch-suggest.yandex.ru/v1/suggest?&callback=jQuery1620015186407548397285_1625308603562&format=jsonp&search_id=2475786&lang=ru&usebigdictionary=1&text=%D0%BA%D0%B0%D0%BB%D0%B8%D0%BD%D0%BE%D0%B2+%D1%80%D0%BE%D0%B4%D0%BD%D0%B8%D0%BA&_=1625308605941, line 1: TypeError: jQuery1620015186407548397285_1625308603562 is not a function
JavaScript error: https://sitesearch-suggest.yandex.ru/v1/suggest?&callback=jQuery1620015186407548397285_1625308603558&format=jsonp&search_id=2475786&lang=ru&usebigdictionary=1&text=%D0%BA%D0%B0%D0%BB%D0%B8%D0%BD%D0%BE%D0%B2+%D1%80%D0%BE%D0%B4%D0%BD%D0%B8%D0%BA&_=1625308605929, line 1: TypeError: jQuery1620015186407548397285_1625308603558 is not a function
JavaScript error: https://sitesearch-suggest.yandex.ru/v1/suggest?&callback=jQuery1620015186407548397285_1625308603563&format=jsonp&search_id=2475786&lang=ru&usebigdictionary=1&text=%D0%BA%D0%B0%D0%BB%D0%B8%D0%BD%D0%BE%D0%B2+%D1%80%D0%BE%D0%B4%D0%BD%D0%B8%D0%BA&_=1625308605943, line 1: TypeError: jQuery1620015186407548397285_1625308603563 is not a function
1625308608003	geckodriver	INFO	Listening on 127.0.0.1:49737
1625308609016	mozrunner::runner	INFO	Running command: "/usr/bin/firefox" "--marionette" "-foreground" "-no-remote" "-profile" "/tmp/rust_mozprofileJk4zzO"
1625308609562	Marionette	INFO	Marionette enabled
console.warn: SearchSettings: "get: No settings file exists, new profile?" (new NotFoundError("Could not open the file at /tmp/rust_mozprofileJk4zzO/search.json.mozlz4", (void 0)))
1625308610912	Marionette	INFO	Listening on port 42539
1625308610937	Marionette	WARN	TLS certificate errors will be ignored for this session
JavaScript error: https://sitesearch-suggest.yandex.ru/v1/suggest?&callback=jQuery162016088645877379038_1625308620018&format=jsonp&search_id=2475786&lang=ru&usebigdictionary=1&text=%D0%BA%D0%B0%D0%BB%D0%B8%D0%BD%D0%BE%D0%B2+%D1%80%D0%BE%D0%B4%D0%BD%D0%B8%D0%BA&_=1625308620395, line 1: TypeError: jQuery162016088645877379038_1625308620018 is not a function
JavaScript error: https://sitesearch-suggest.yandex.ru/v1/suggest?&callback=jQuery162016088645877379038_1625308620022&format=jsonp&search_id=2475786&lang=ru&usebigdictionary=1&text=%D0%BA%D0%B0%D0%BB%D0%B8%D0%BD%D0%BE%D0%B2+%D1%80%D0%BE%D0%B4%D0%BD%D0%B8%D0%BA&_=1625308620399, line 1: TypeError: jQuery162016088645877379038_1625308620022 is not a function
JavaScript error: https://sitesearch-suggest.yandex.ru/v1/suggest?&callback=jQuery162016088645877379038_1625308620020&format=jsonp&search_id=2475786&lang=ru&usebigdictionary=1&text=%D0%BA%D0%B0%D0%BB%D0%B8%D0%BD%D0%BE%D0%B2+%D1%80%D0%BE%D0%B4%D0%BD%D0%B8%D0%BA&_=1625308620397, line 1: TypeError: jQuery162016088645877379038_1625308620020 is not a function
JavaScript error: https://sitesearch-suggest.yandex.ru/v1/suggest?&callback=jQuery162016088645877379038_1625308620019&format=jsonp&search_id=2475786&lang=ru&usebigdictionary=1&text=%D0%BA%D0%B0%D0%BB%D0%B8%D0%BD%D0%BE%D0%B2+%D1%80%D0%BE%D0%B4%D0%BD%D0%B8%D0%BA&_=1625308620397, line 1: TypeError: jQuery162016088645877379038_1625308620019 is not a function
JavaScript error: https://sitesearch-suggest.yandex.ru/v1/suggest?&callback=jQuery162016088645877379038_1625308620021&format=jsonp&search_id=2475786&lang=ru&usebigdictionary=1&text=%D0%BA%D0%B0%D0%BB%D0%B8%D0%BD%D0%BE%D0%B2+%D1%80%D0%BE%D0%B4%D0%BD%D0%B8%D0%BA&_=1625308620398, line 1: TypeError: jQuery162016088645877379038_1625308620021 is not a function
JavaScript error: https://sitesearch-suggest.yandex.ru/v1/suggest?&callback=jQuery162016088645877379038_1625308620023&format=jsonp&search_id=2475786&lang=ru&usebigdictionary=1&text=%D0%BA%D0%B0%D0%BB%D0%B8%D0%BD%D0%BE%D0%B2+%D1%80%D0%BE%D0%B4%D0%BD%D0%B8%D0%BA&_=1625308620400, line 1: TypeError: jQuery162016088645877379038_1625308620023 is not a function
JavaScript error: https://sitesearch-suggest.yandex.ru/v1/suggest?&callback=jQuery162016088645877379038_1625308620024&format=jsonp&search_id=2475786&lang=ru&usebigdictionary=1&text=%D0%BA%D0%B0%D0%BB%D0%B8%D0%BD%D0%BE%D0%B2+%D1%80%D0%BE%D0%B4%D0%BD%D0%B8%D0%BA&_=1625308620401, line 1: TypeError: jQuery162016088645877379038_1625308620024 is not a function
JavaScript error: https://sitesearch-suggest.yandex.ru/v1/suggest?&callback=jQuery162016088645877379038_1625308620025&format=jsonp&search_id=2475786&lang=ru&usebigdictionary=1&text=%D0%BA%D0%B0%D0%BB%D0%B8%D0%BD%D0%BE%D0%B2+%D1%80%D0%BE%D0%B4%D0%BD%D0%B8%D0%BA&_=1625308620401, line 1: TypeError: jQuery162016088645877379038_1625308620025 is not a function
JavaScript error: https://sitesearch-suggest.yandex.ru/v1/suggest?&callback=jQuery162016088645877379038_1625308620026&format=jsonp&search_id=2475786&lang=ru&usebigdictionary=1&text=%D0%BA%D0%B0%D0%BB%D0%B8%D0%BD%D0%BE%D0%B2+%D1%80%D0%BE%D0%B4%D0%BD%D0%B8%D0%BA&_=1625308620402, line 1: TypeError: jQuery162016088645877379038_1625308620026 is not a function
JavaScript error: https://sitesearch-suggest.yandex.ru/v1/suggest?&callback=jQuery162016088645877379038_1625308620027&format=jsonp&search_id=2475786&lang=ru&usebigdictionary=1&text=%D0%BA%D0%B0%D0%BB%D0%B8%D0%BD%D0%BE%D0%B2+%D1%80%D0%BE%D0%B4%D0%BD%D0%B8%D0%BA&_=1625308620405, line 1: TypeError: jQuery162016088645877379038_1625308620027 is not a function
1625308622461	geckodriver	INFO	Listening on 127.0.0.1:50743
1625308623474	mozrunner::runner	INFO	Running command: "/usr/bin/firefox" "--marionette" "-foreground" "-no-remote" "-profile" "/tmp/rust_mozprofilerx7Ejp"
1625308624050	Marionette	INFO	Marionette enabled
console.warn: SearchSettings: "get: No settings file exists, new profile?" (new NotFoundError("Could not open the file at /tmp/rust_mozprofilerx7Ejp/search.json.mozlz4", (void 0)))
1625308625611	Marionette	INFO	Listening on port 34501
1625308625695	Marionette	WARN	TLS certificate errors will be ignored for this session
1625308640210	geckodriver	INFO	Listening on 127.0.0.1:47557
1625308641223	mozrunner::runner	INFO	Running command: "/usr/bin/firefox" "--marionette" "-foreground" "-no-remote" "-profile" "/tmp/rust_mozprofileYnehqS"
1625308641765	Marionette	INFO	Marionette enabled
console.warn: SearchSettings: "get: No settings file exists, new profile?" (new NotFoundError("Could not open the file at /tmp/rust_mozprofileYnehqS/search.json.mozlz4", (void 0)))
1625308643089	Marionette	INFO	Listening on port 46735
1625308643157	Marionette	WARN	TLS certificate errors will be ignored for this session
console.error: Region.jsm: "Error fetching region" (new Error("TIMEOUT", "resource://gre/modules/Region.jsm", 772))
console.error: Region.jsm: "Failed to fetch region" (new Error("TIMEOUT", "resource://gre/modules/Region.jsm", 419))
1625308662043	geckodriver	INFO	Listening on 127.0.0.1:54537
1625308663057	mozrunner::runner	INFO	Running command: "/usr/bin/firefox" "--marionette" "-foreground" "-no-remote" "-profile" "/tmp/rust_mozprofileqvkoJD"
1625308663663	Marionette	INFO	Marionette enabled
console.warn: SearchSettings: "get: No settings file exists, new profile?" (new NotFoundError("Could not open the file at /tmp/rust_mozprofileqvkoJD/search.json.mozlz4", (void 0)))
1625308665021	Marionette	INFO	Listening on port 40735
1625308665085	Marionette	WARN	TLS certificate errors will be ignored for this session
1625308695273	geckodriver	INFO	Listening on 127.0.0.1:57425
1625308696301	mozrunner::runner	INFO	Running command: "/usr/bin/firefox" "--marionette" "-foreground" "-no-remote" "-profile" "/tmp/rust_mozprofileXioPui"
1625308696844	Marionette	INFO	Marionette enabled
console.warn: SearchSettings: "get: No settings file exists, new profile?" (new NotFoundError("Could not open the file at /tmp/rust_mozprofileXioPui/search.json.mozlz4", (void 0)))
1625308698268	Marionette	INFO	Listening on port 34817
1625308698329	Marionette	WARN	TLS certificate errors will be ignored for this session
1625308712938	geckodriver	INFO	Listening on 127.0.0.1:59351
1625308713951	mozrunner::runner	INFO	Running command: "/usr/bin/firefox" "--marionette" "-foreground" "-no-remote" "-profile" "/tmp/rust_mozprofileZO0VPx"
1625308714510	Marionette	INFO	Marionette enabled
console.warn: SearchSettings: "get: No settings file exists, new profile?" (new NotFoundError("Could not open the file at /tmp/rust_mozprofileZO0VPx/search.json.mozlz4", (void 0)))
1625308715965	Marionette	INFO	Listening on port 39303
1625308716084	Marionette	WARN	TLS certificate errors will be ignored for this session
1625308716890	geckodriver	INFO	Listening on 127.0.0.1:38515
console.error: Region.jsm: "Error fetching region" (new TypeError("NetworkError when attempting to fetch resource.", ""))
console.error: Region.jsm: "Failed to fetch region" (new Error("NO_RESULT", "resource://gre/modules/Region.jsm", 419))
1625308717072	Marionette	INFO	Stopped listening on port 39303

###!!! [Parent][RunMessage] Error: Channel closing: too late to send/recv, messages will be lost

1625308717893	mozrunner::runner	INFO	Running command: "/usr/bin/firefox" "--marionette" "-foreground" "-no-remote" "-profile" "/tmp/rust_mozprofile0xkfVW"
1625308718456	Marionette	INFO	Marionette enabled
console.warn: SearchSettings: "get: No settings file exists, new profile?" (new NotFoundError("Could not open the file at /tmp/rust_mozprofile0xkfVW/search.json.mozlz4", (void 0)))
1625308719843	Marionette	INFO	Listening on port 43207
1625308719913	Marionette	WARN	TLS certificate errors will be ignored for this session
1625308721058	geckodriver	INFO	Listening on 127.0.0.1:37299
console.error: Region.jsm: "Error fetching region" (new TypeError("NetworkError when attempting to fetch resource.", ""))
console.error: Region.jsm: "Failed to fetch region" (new Error("NO_RESULT", "resource://gre/modules/Region.jsm", 419))
1625308721240	Marionette	INFO	Stopped listening on port 43207
1625308722061	mozrunner::runner	INFO	Running command: "/usr/bin/firefox" "--marionette" "-foreground" "-no-remote" "-profile" "/tmp/rust_mozprofile7jVrUN"
1625308722624	Marionette	INFO	Marionette enabled
console.warn: SearchSettings: "get: No settings file exists, new profile?" (new NotFoundError("Could not open the file at /tmp/rust_mozprofile7jVrUN/search.json.mozlz4", (void 0)))
1625308723939	Marionette	INFO	Listening on port 36943
1625308723983	Marionette	WARN	TLS certificate errors will be ignored for this session
1625308724530	geckodriver	INFO	Listening on 127.0.0.1:33063
console.error: Region.jsm: "Error fetching region" (new TypeError("NetworkError when attempting to fetch resource.", ""))
console.error: Region.jsm: "Failed to fetch region" (new Error("NO_RESULT", "resource://gre/modules/Region.jsm", 419))
1625308724717	Marionette	INFO	Stopped listening on port 36943

###!!! [Parent][RunMessage] Error: Channel closing: too late to send/recv, messages will be lost

1625308725423	geckodriver	INFO	Listening on 127.0.0.1:58219
Exiting due to channel error.
Exiting due to channel error.
Exiting due to channel error.
Exiting due to channel error.
Exiting due to channel error.
Exiting due to channel error.
1625308726433	mozrunner::runner	INFO	Running command: "/usr/bin/firefox" "--marionette" "-foreground" "-no-remote" "-profile" "/tmp/rust_mozprofilekNdfmb"
1625308727016	Marionette	INFO	Marionette enabled
console.warn: SearchSettings: "get: No settings file exists, new profile?" (new NotFoundError("Could not open the file at /tmp/rust_mozprofilekNdfmb/search.json.mozlz4", (void 0)))
1625308728425	Marionette	INFO	Listening on port 34669
1625308728463	Marionette	WARN	TLS certificate errors will be ignored for this session
JavaScript error: https://mamenadoznat.ru/wp-includes/js/wp-emoji-release.min.js?ver=5.7.2, line 5: TypeError: MutationObserver.observe: Argument 1 is not an object.
console.warn: services.settings: main/partitioning-exempt-urls sync interrupted by shutdown
1625308729683	geckodriver	INFO	Listening on 127.0.0.1:52977
console.error: services.settings: 
  main/message-groups Signature failed  TypeError: NetworkError when attempting to fetch resource.
1625308729866	Marionette	INFO	Stopped listening on port 34669
1625308730686	mozrunner::runner	INFO	Running command: "/usr/bin/firefox" "--marionette" "-foreground" "-no-remote" "-profile" "/tmp/rust_mozprofileg5HEZI"
1625308731194	Marionette	INFO	Marionette enabled
console.warn: SearchSettings: "get: No settings file exists, new profile?" (new NotFoundError("Could not open the file at /tmp/rust_mozprofileg5HEZI/search.json.mozlz4", (void 0)))
1625308732615	Marionette	INFO	Listening on port 40995
1625308732708	Marionette	WARN	TLS certificate errors will be ignored for this session
1625308733362	geckodriver	INFO	Listening on 127.0.0.1:33219
console.error: Region.jsm: "Error fetching region" (new TypeError("NetworkError when attempting to fetch resource.", ""))
console.error: Region.jsm: "Failed to fetch region" (new Error("NO_RESULT", "resource://gre/modules/Region.jsm", 419))
1625308733563	Marionette	INFO	Stopped listening on port 40995
console.log: WebExtensions: reset-default-search: starting.
console.log: WebExtensions: reset-default-search: No addons in our list are installed.
console.log: WebExtensions: reset-default-search: starting.
console.log: WebExtensions: reset-default-search: No addons in our list are installed.
console.log: WebExtensions: reset-default-search: starting.
console.log: WebExtensions: reset-default-search: No addons in our list are installed.
console.log: WebExtensions: reset-default-search: starting.
console.log: WebExtensions: reset-default-search: No addons in our list are installed.
console.log: WebExtensions: reset-default-search: starting.
console.log: WebExtensions: reset-default-search: No addons in our list are installed.
1625309244239	Marionette	INFO	Stopped listening on port 42539

###!!! [Parent][RunMessage] Error: Channel closing: too late to send/recv, messages will be lost

1625309256426	Marionette	INFO	Stopped listening on port 46087

###!!! [Parent][RunMessage] Error: Channel closing: too late to send/recv, messages will be lost

1625309261156	Marionette	INFO	Stopped listening on port 46735

###!!! [Parent][RunMessage] Error: Channel closing: too late to send/recv, messages will be lost

1625309265303	Marionette	INFO	Stopped listening on port 34501

###!!! [Parent][RunMessage] Error: Channel closing: too late to send/recv, messages will be lost

1625309272440	Marionette	INFO	Stopped listening on port 42641

###!!! [Parent][RunMessage] Error: Channel closing: too late to send/recv, messages will be lost

1625309276655	geckodriver	INFO	Listening on 127.0.0.1:43889
1625309277668	mozrunner::runner	INFO	Running command: "/usr/bin/firefox" "--marionette" "-foreground" "-no-remote" "-profile" "/tmp/rust_mozprofilekvuLMK"
1625309278175	Marionette	INFO	Marionette enabled
console.warn: SearchSettings: "get: No settings file exists, new profile?" (new NotFoundError("Could not open the file at /tmp/rust_mozprofilekvuLMK/search.json.mozlz4", (void 0)))
1625309279458	Marionette	INFO	Listening on port 38779
1625309279489	Marionette	WARN	TLS certificate errors will be ignored for this session
JavaScript error: https://sitesearch-suggest.yandex.ru/v1/suggest?&callback=jQuery16205631132668343353_1625309285881&format=jsonp&search_id=2475786&lang=ru&usebigdictionary=1&text=%D0%BA%D0%B0%D0%BB%D0%B8%D0%BD%D0%BE%D0%B2+%D1%80%D0%BE%D0%B4%D0%BD%D0%B8%D0%BA&_=1625309286241, line 1: TypeError: jQuery16205631132668343353_1625309285881 is not a function
JavaScript error: https://sitesearch-suggest.yandex.ru/v1/suggest?&callback=jQuery16205631132668343353_1625309285883&format=jsonp&search_id=2475786&lang=ru&usebigdictionary=1&text=%D0%BA%D0%B0%D0%BB%D0%B8%D0%BD%D0%BE%D0%B2+%D1%80%D0%BE%D0%B4%D0%BD%D0%B8%D0%BA&_=1625309286249, line 1: TypeError: jQuery16205631132668343353_1625309285883 is not a function
JavaScript error: https://sitesearch-suggest.yandex.ru/v1/suggest?&callback=jQuery16205631132668343353_1625309285884&format=jsonp&search_id=2475786&lang=ru&usebigdictionary=1&text=%D0%BA%D0%B0%D0%BB%D0%B8%D0%BD%D0%BE%D0%B2+%D1%80%D0%BE%D0%B4%D0%BD%D0%B8%D0%BA&_=1625309286250, line 1: TypeError: jQuery16205631132668343353_1625309285884 is not a function
JavaScript error: https://sitesearch-suggest.yandex.ru/v1/suggest?&callback=jQuery16205631132668343353_1625309285885&format=jsonp&search_id=2475786&lang=ru&usebigdictionary=1&text=%D0%BA%D0%B0%D0%BB%D0%B8%D0%BD%D0%BE%D0%B2+%D1%80%D0%BE%D0%B4%D0%BD%D0%B8%D0%BA&_=1625309286250, line 1: TypeError: jQuery16205631132668343353_1625309285885 is not a function
JavaScript error: https://sitesearch-suggest.yandex.ru/v1/suggest?&callback=jQuery16205631132668343353_1625309285886&format=jsonp&search_id=2475786&lang=ru&usebigdictionary=1&text=%D0%BA%D0%B0%D0%BB%D0%B8%D0%BD%D0%BE%D0%B2+%D1%80%D0%BE%D0%B4%D0%BD%D0%B8%D0%BA&_=1625309286251, line 1: TypeError: jQuery16205631132668343353_1625309285886 is not a function
JavaScript error: https://sitesearch-suggest.yandex.ru/v1/suggest?&callback=jQuery16205631132668343353_1625309285887&format=jsonp&search_id=2475786&lang=ru&usebigdictionary=1&text=%D0%BA%D0%B0%D0%BB%D0%B8%D0%BD%D0%BE%D0%B2+%D1%80%D0%BE%D0%B4%D0%BD%D0%B8%D0%BA&_=1625309286252, line 1: TypeError: jQuery16205631132668343353_1625309285887 is not a function
JavaScript error: https://sitesearch-suggest.yandex.ru/v1/suggest?&callback=jQuery16205631132668343353_1625309285882&format=jsonp&search_id=2475786&lang=ru&usebigdictionary=1&text=%D0%BA%D0%B0%D0%BB%D0%B8%D0%BD%D0%BE%D0%B2+%D1%80%D0%BE%D0%B4%D0%BD%D0%B8%D0%BA&_=1625309286248, line 1: TypeError: jQuery16205631132668343353_1625309285882 is not a function
JavaScript error: https://sitesearch-suggest.yandex.ru/v1/suggest?&callback=jQuery16205631132668343353_1625309285888&format=jsonp&search_id=2475786&lang=ru&usebigdictionary=1&text=%D0%BA%D0%B0%D0%BB%D0%B8%D0%BD%D0%BE%D0%B2+%D1%80%D0%BE%D0%B4%D0%BD%D0%B8%D0%BA&_=1625309286253, line 1: TypeError: jQuery16205631132668343353_1625309285888 is not a function
JavaScript error: https://sitesearch-suggest.yandex.ru/v1/suggest?&callback=jQuery16205631132668343353_1625309285889&format=jsonp&search_id=2475786&lang=ru&usebigdictionary=1&text=%D0%BA%D0%B0%D0%BB%D0%B8%D0%BD%D0%BE%D0%B2+%D1%80%D0%BE%D0%B4%D0%BD%D0%B8%D0%BA&_=1625309286253, line 1: TypeError: jQuery16205631132668343353_1625309285889 is not a function
JavaScript error: https://sitesearch-suggest.yandex.ru/v1/suggest?&callback=jQuery16205631132668343353_1625309285890&format=jsonp&search_id=2475786&lang=ru&usebigdictionary=1&text=%D0%BA%D0%B0%D0%BB%D0%B8%D0%BD%D0%BE%D0%B2+%D1%80%D0%BE%D0%B4%D0%BD%D0%B8%D0%BA&_=1625309286254, line 1: TypeError: jQuery16205631132668343353_1625309285890 is not a function
JavaScript error: https://sitesearch-suggest.yandex.ru/v1/suggest?&callback=jQuery16205631132668343353_1625309285891&format=jsonp&search_id=2475786&lang=ru&usebigdictionary=1&text=%D0%BA%D0%B0%D0%BB%D0%B8%D0%BD%D0%BE%D0%B2+%D1%80%D0%BE%D0%B4%D0%BD%D0%B8%D0%BA&_=1625309286256, line 1: TypeError: jQuery16205631132668343353_1625309285891 is not a function
1625309288360	Marionette	INFO	Stopped listening on port 38779

###!!! [Parent][RunMessage] Error: Channel closing: too late to send/recv, messages will be lost

1625309288860	geckodriver	INFO	Listening on 127.0.0.1:50575
1625309289871	mozrunner::runner	INFO	Running command: "/usr/bin/firefox" "--marionette" "-foreground" "-no-remote" "-profile" "/tmp/rust_mozprofile5EMv4O"
1625309290383	Marionette	INFO	Marionette enabled
console.warn: SearchSettings: "get: No settings file exists, new profile?" (new NotFoundError("Could not open the file at /tmp/rust_mozprofile5EMv4O/search.json.mozlz4", (void 0)))
1625309291666	Marionette	INFO	Listening on port 39263
1625309291690	Marionette	WARN	TLS certificate errors will be ignored for this session
1625309301535	Marionette	INFO	Stopped listening on port 39263

###!!! [Parent][RunMessage] Error: Channel closing: too late to send/recv, messages will be lost

1625309302039	geckodriver	INFO	Listening on 127.0.0.1:51253
1625309303046	mozrunner::runner	INFO	Running command: "/usr/bin/firefox" "--marionette" "-foreground" "-no-remote" "-profile" "/tmp/rust_mozprofilezbETwc"
1625309303542	Marionette	INFO	Marionette enabled
console.warn: SearchSettings: "get: No settings file exists, new profile?" (new NotFoundError("Could not open the file at /tmp/rust_mozprofilezbETwc/search.json.mozlz4", (void 0)))
1625309304860	Marionette	INFO	Listening on port 34679
1625309304969	Marionette	WARN	TLS certificate errors will be ignored for this session
JavaScript error: https://sitesearch-suggest.yandex.ru/v1/suggest?&callback=jQuery16209459456996922347_1625309308801&format=jsonp&search_id=2475786&lang=ru&usebigdictionary=1&text=%D0%BA%D0%B0%D0%BB%D0%B8%D0%BD%D0%BE%D0%B2+%D1%80%D0%BE%D0%B4%D0%BD%D0%B8%D0%BA&_=1625309309120, line 1: TypeError: jQuery16209459456996922347_1625309308801 is not a function
JavaScript error: https://sitesearch-suggest.yandex.ru/v1/suggest?&callback=jQuery16209459456996922347_1625309308802&format=jsonp&search_id=2475786&lang=ru&usebigdictionary=1&text=%D0%BA%D0%B0%D0%BB%D0%B8%D0%BD%D0%BE%D0%B2+%D1%80%D0%BE%D0%B4%D0%BD%D0%B8%D0%BA&_=1625309309121, line 1: TypeError: jQuery16209459456996922347_1625309308802 is not a function
JavaScript error: https://sitesearch-suggest.yandex.ru/v1/suggest?&callback=jQuery16209459456996922347_1625309308805&format=jsonp&search_id=2475786&lang=ru&usebigdictionary=1&text=%D0%BA%D0%B0%D0%BB%D0%B8%D0%BD%D0%BE%D0%B2+%D1%80%D0%BE%D0%B4%D0%BD%D0%B8%D0%BA&_=1625309309130, line 1: TypeError: jQuery16209459456996922347_1625309308805 is not a function
JavaScript error: https://sitesearch-suggest.yandex.ru/v1/suggest?&callback=jQuery16209459456996922347_1625309308804&format=jsonp&search_id=2475786&lang=ru&usebigdictionary=1&text=%D0%BA%D0%B0%D0%BB%D0%B8%D0%BD%D0%BE%D0%B2+%D1%80%D0%BE%D0%B4%D0%BD%D0%B8%D0%BA&_=1625309309129, line 1: TypeError: jQuery16209459456996922347_1625309308804 is not a function
JavaScript error: https://sitesearch-suggest.yandex.ru/v1/suggest?&callback=jQuery16209459456996922347_1625309308807&format=jsonp&search_id=2475786&lang=ru&usebigdictionary=1&text=%D0%BA%D0%B0%D0%BB%D0%B8%D0%BD%D0%BE%D0%B2+%D1%80%D0%BE%D0%B4%D0%BD%D0%B8%D0%BA&_=1625309309132, line 1: TypeError: jQuery16209459456996922347_1625309308807 is not a function
JavaScript error: https://sitesearch-suggest.yandex.ru/v1/suggest?&callback=jQuery16209459456996922347_1625309308808&format=jsonp&search_id=2475786&lang=ru&usebigdictionary=1&text=%D0%BA%D0%B0%D0%BB%D0%B8%D0%BD%D0%BE%D0%B2+%D1%80%D0%BE%D0%B4%D0%BD%D0%B8%D0%BA&_=1625309309132, line 1: TypeError: jQuery16209459456996922347_1625309308808 is not a function
JavaScript error: https://sitesearch-suggest.yandex.ru/v1/suggest?&callback=jQuery16209459456996922347_1625309308803&format=jsonp&search_id=2475786&lang=ru&usebigdictionary=1&text=%D0%BA%D0%B0%D0%BB%D0%B8%D0%BD%D0%BE%D0%B2+%D1%80%D0%BE%D0%B4%D0%BD%D0%B8%D0%BA&_=1625309309128, line 1: TypeError: jQuery16209459456996922347_1625309308803 is not a function
JavaScript error: https://sitesearch-suggest.yandex.ru/v1/suggest?&callback=jQuery16209459456996922347_1625309308806&format=jsonp&search_id=2475786&lang=ru&usebigdictionary=1&text=%D0%BA%D0%B0%D0%BB%D0%B8%D0%BD%D0%BE%D0%B2+%D1%80%D0%BE%D0%B4%D0%BD%D0%B8%D0%BA&_=1625309309131, line 1: TypeError: jQuery16209459456996922347_1625309308806 is not a function
JavaScript error: https://sitesearch-suggest.yandex.ru/v1/suggest?&callback=jQuery16209459456996922347_1625309308809&format=jsonp&search_id=2475786&lang=ru&usebigdictionary=1&text=%D0%BA%D0%B0%D0%BB%D0%B8%D0%BD%D0%BE%D0%B2+%D1%80%D0%BE%D0%B4%D0%BD%D0%B8%D0%BA&_=1625309309133, line 1: TypeError: jQuery16209459456996922347_1625309308809 is not a function
JavaScript error: https://sitesearch-suggest.yandex.ru/v1/suggest?&callback=jQuery16209459456996922347_1625309308810&format=jsonp&search_id=2475786&lang=ru&usebigdictionary=1&text=%D0%BA%D0%B0%D0%BB%D0%B8%D0%BD%D0%BE%D0%B2+%D1%80%D0%BE%D0%B4%D0%BD%D0%B8%D0%BA&_=1625309309134, line 1: TypeError: jQuery16209459456996922347_1625309308810 is not a function
JavaScript error: https://sitesearch-suggest.yandex.ru/v1/suggest?&callback=jQuery16209459456996922347_1625309308811&format=jsonp&search_id=2475786&lang=ru&usebigdictionary=1&text=%D0%BA%D0%B0%D0%BB%D0%B8%D0%BD%D0%BE%D0%B2+%D1%80%D0%BE%D0%B4%D0%BD%D0%B8%D0%BA&_=1625309309135, line 1: TypeError: jQuery16209459456996922347_1625309308811 is not a function
JavaScript error: https://sitesearch-suggest.yandex.ru/v1/suggest?&callback=jQuery16209459456996922347_1625309308812&format=jsonp&search_id=2475786&lang=ru&usebigdictionary=1&text=%D0%BA%D0%B0%D0%BB%D0%B8%D0%BD%D0%BE%D0%B2+%D1%80%D0%BE%D0%B4%D0%BD%D0%B8%D0%BA&_=1625309309136, line 1: TypeError: jQuery16209459456996922347_1625309308812 is not a function
1625309311235	Marionette	INFO	Stopped listening on port 34679

###!!! [Parent][RunMessage] Error: Channel closing: too late to send/recv, messages will be lost

1625309311729	geckodriver	INFO	Listening on 127.0.0.1:34617
1625309312740	mozrunner::runner	INFO	Running command: "/usr/bin/firefox" "--marionette" "-foreground" "-no-remote" "-profile" "/tmp/rust_mozprofileirTi6x"
1625309313262	Marionette	INFO	Marionette enabled
console.warn: SearchSettings: "get: No settings file exists, new profile?" (new NotFoundError("Could not open the file at /tmp/rust_mozprofileirTi6x/search.json.mozlz4", (void 0)))
1625309314635	Marionette	INFO	Listening on port 36659
1625309314661	Marionette	WARN	TLS certificate errors will be ignored for this session
1625309319838	Marionette	INFO	Stopped listening on port 36659

###!!! [Parent][RunMessage] Error: Channel closing: too late to send/recv, messages will be lost

1625309320337	geckodriver	INFO	Listening on 127.0.0.1:38403
1625309321347	mozrunner::runner	INFO	Running command: "/usr/bin/firefox" "--marionette" "-foreground" "-no-remote" "-profile" "/tmp/rust_mozprofile9oKTjp"
1625309321858	Marionette	INFO	Marionette enabled
console.warn: SearchSettings: "get: No settings file exists, new profile?" (new NotFoundError("Could not open the file at /tmp/rust_mozprofile9oKTjp/search.json.mozlz4", (void 0)))
1625309323174	Marionette	INFO	Listening on port 46139
1625309323298	Marionette	WARN	TLS certificate errors will be ignored for this session
1625309329696	Marionette	INFO	Stopped listening on port 46139

###!!! [Child][RunMessage] Error: Channel closing: too late to send/recv, messages will be lost


###!!! [Parent][RunMessage] Error: Channel closing: too late to send/recv, messages will be lost

1625309330198	geckodriver	INFO	Listening on 127.0.0.1:53557
1625309331209	mozrunner::runner	INFO	Running command: "/usr/bin/firefox" "--marionette" "-foreground" "-no-remote" "-profile" "/tmp/rust_mozprofileUEL415"
1625309331797	Marionette	INFO	Marionette enabled
console.warn: SearchSettings: "get: No settings file exists, new profile?" (new NotFoundError("Could not open the file at /tmp/rust_mozprofileUEL415/search.json.mozlz4", (void 0)))
1625309333086	Marionette	INFO	Listening on port 38627
1625309333131	Marionette	WARN	TLS certificate errors will be ignored for this session
1625309341227	Marionette	INFO	Stopped listening on port 38627
1625309341703	geckodriver	INFO	Listening on 127.0.0.1:41073
1625309342721	mozrunner::runner	INFO	Running command: "/usr/bin/firefox" "--marionette" "-foreground" "-no-remote" "-profile" "/tmp/rust_mozprofileoCSPX4"
1625309343234	Marionette	INFO	Marionette enabled
console.warn: SearchSettings: "get: No settings file exists, new profile?" (new NotFoundError("Could not open the file at /tmp/rust_mozprofileoCSPX4/search.json.mozlz4", (void 0)))
1625309344527	Marionette	INFO	Listening on port 43969
1625309344672	Marionette	WARN	TLS certificate errors will be ignored for this session
1625309350989	Marionette	INFO	Stopped listening on port 43969

###!!! [Parent][RunMessage] Error: Channel closing: too late to send/recv, messages will be lost

1625309351489	geckodriver	INFO	Listening on 127.0.0.1:36187
1625309352498	mozrunner::runner	INFO	Running command: "/usr/bin/firefox" "--marionette" "-foreground" "-no-remote" "-profile" "/tmp/rust_mozprofilefHr9tV"
1625309352994	Marionette	INFO	Marionette enabled
console.warn: SearchSettings: "get: No settings file exists, new profile?" (new NotFoundError("Could not open the file at /tmp/rust_mozprofilefHr9tV/search.json.mozlz4", (void 0)))
1625309354336	Marionette	INFO	Listening on port 40281
1625309354419	Marionette	WARN	TLS certificate errors will be ignored for this session
1625309360329	Marionette	INFO	Stopped listening on port 40281

###!!! [Parent][RunMessage] Error: Channel closing: too late to send/recv, messages will be lost

1625309360818	geckodriver	INFO	Listening on 127.0.0.1:49045
1625309361828	mozrunner::runner	INFO	Running command: "/usr/bin/firefox" "--marionette" "-foreground" "-no-remote" "-profile" "/tmp/rust_mozprofile2RdkoP"
1625309362345	Marionette	INFO	Marionette enabled
console.warn: SearchSettings: "get: No settings file exists, new profile?" (new NotFoundError("Could not open the file at /tmp/rust_mozprofile2RdkoP/search.json.mozlz4", (void 0)))
1625309363744	Marionette	INFO	Listening on port 43677
1625309363851	Marionette	WARN	TLS certificate errors will be ignored for this session
1625309370169	Marionette	INFO	Stopped listening on port 43677
1625309370666	geckodriver	INFO	Listening on 127.0.0.1:46829
1625309371676	mozrunner::runner	INFO	Running command: "/usr/bin/firefox" "--marionette" "-foreground" "-no-remote" "-profile" "/tmp/rust_mozprofile0TXhGB"
1625309372168	Marionette	INFO	Marionette enabled
console.warn: SearchSettings: "get: No settings file exists, new profile?" (new NotFoundError("Could not open the file at /tmp/rust_mozprofile0TXhGB/search.json.mozlz4", (void 0)))
1625309373594	Marionette	INFO	Listening on port 45463
1625309373702	Marionette	WARN	TLS certificate errors will be ignored for this session
1625309379601	Marionette	INFO	Stopped listening on port 45463

###!!! [Parent][RunMessage] Error: Channel closing: too late to send/recv, messages will be lost

